Info: Start Nativelink Simulation process
Info: NativeLink has detected a mixed Verilog and VHDL design -- systemverilog simulation models will be used

========= EDA Simulation Settings =====================

Sim Mode              :  RTL
Family                :  cycloneive
Quartus root          :  /home/adolfo/intelFPGA_lite/20.1/quartus/linux64/
Quartus sim root      :  /home/adolfo/intelFPGA_lite/20.1/quartus/eda/sim_lib
Simulation Tool       :  modelsim-altera
Simulation Language   :  systemverilog
Simulation Mode       :  GUI
Sim Output File       :  
Sim SDF file          :  
Sim dir               :  simulation/modelsim

=======================================================

Info: Starting NativeLink simulation with ModelSim-Altera software
Sourced NativeLink script /home/adolfo/intelFPGA_lite/20.1/quartus/common/tcl/internal/nativelink/modelsim.tcl
<<<<<<< HEAD
Warning: File arm_processor_w_exceptions_run_msim_rtl_systemverilog.do already exists - backing up current file as arm_processor_w_exceptions_run_msim_rtl_systemverilog.do.bak3
=======
<<<<<<< HEAD
Warning: File arm_processor_w_exceptions_run_msim_rtl_systemverilog.do already exists - backing up current file as arm_processor_w_exceptions_run_msim_rtl_systemverilog.do.bak10
=======
Warning: File arm_processor_w_exceptions_run_msim_rtl_systemverilog.do already exists - backing up current file as arm_processor_w_exceptions_run_msim_rtl_systemverilog.do.bak2
>>>>>>> 5fc8d1ef87bedbe36cc02a4eb8e3abb49b57f021
>>>>>>> 00b7528607b209c3bd096117d060b1799bc48505
Info: Spawning ModelSim-Altera Simulation software 
Info: NativeLink simulation flow was successful
